Yubin 0104
Yujin 0107
Jina 0115
Hayoung 0116
Heeyeon 0130
Seyeon 0228
Sihyun 0302
Jieun 0302
Haneul 0319
Yoonwoo 0325
Chaewon 0401
yewon 0403
Eunbi 0406
joowon 0407
Minji 0422
Seyoung 0428
Jiye 0430
JIHEA 0508
Hyeonjin 0509
Sihyun 0510
Seongwon 0514
Chaeyun 0527
Dayoung 0601
Sanghyun 0619
Minji 0622
Jini 0712
Semin 0718
HyunKyung 0730
Suji 0804
Eunji 0810
Jiyeon 0812
Wonseon 0814
young 0819
Jeongyeon 0819
Yesol 0822
Sujeong 0905
Suok 0907
Jaeyeon 0910
Dawoon 0917
Eunsu 0918
jiwoo 0918
Sumin 0923
Gaeun 0929
Hyejin 1012
Sojeong 1016
Soyeon 1018
Jieun 1104
Seokyung 1106
HeuiJeong 1107
Soyoung 1111
Jieun 1111
Yerin 1122
Yuna 1125
Nayoung 1126
Yeji 1201
Minkyung 1204
Yangjun 1205
Junhee 1205
Seoyeon 1210
Juwon 1210
Seoyoung 1227
Sehee 1230
Jieun 1231
